2019-03-28 16:18:15 +0000  Initial pipeline context: <IDEDistributionProcessingPipelineContext: 0x7f80b05ed1f0; archive(resolved)='<IDEArchive: 0x7f80abf77dd0>', distributionTask(resolved)='2', distributionDestination(resolved)='1', distributionMethod(resolved)='<IDEDistributionMethodAdHoc: 0x7f80acd402f0>', team(resolved)='<IDEProvisioningDisambiguatableBasicTeam: 0x7f80a94c0620; teamID='N9ZV7E3954', teamName='Sites & Bytes Ltd', teamType='Company', username='jonathan.cobley@gmail.com', isFreeProvisioningTeam='0'>'>
	Chain (12, self inclusive):
	<IDEDistributionProcessingPipelineContext: 0x7f80b05ed1f0; archive = '<IDEArchive: 0x7f80abf77dd0>', distributionMethod='<IDEDistributionMethodAdHoc: 0x7f80acd402f0>', team='<IDEProvisioningDisambiguatableBasicTeam: 0x7f80a94c0620; teamID='N9ZV7E3954', teamName='Sites & Bytes Ltd', teamType='Company', username='jonathan.cobley@gmail.com', isFreeProvisioningTeam='0'>'>
	<IDEDistributionProcessingPipelineContext: 0x7f80b0631ee0; archive = '<IDEArchive: 0x7f80abf77dd0>', distributionMethod='<IDEDistributionMethodAdHoc: 0x7f80acd402f0>', team='<IDEProvisioningDisambiguatableBasicTeam: 0x7f80a94c0620; teamID='N9ZV7E3954', teamName='Sites & Bytes Ltd', teamType='Company', username='jonathan.cobley@gmail.com', isFreeProvisioningTeam='0'>'>
	<IDEDistributionContext: 0x7f80b07d9b30; archive = '<IDEArchive: 0x7f80abf77dd0>', distributionMethod='<IDEDistributionMethodAdHoc: 0x7f80acd402f0>', team='<IDEProvisioningDisambiguatableBasicTeam: 0x7f80a94c0620; teamID='N9ZV7E3954', teamName='Sites & Bytes Ltd', teamType='Company', username='jonathan.cobley@gmail.com', isFreeProvisioningTeam='0'>'>
	<IDEDistributionContext: 0x7f80aeec9ae0; archive = '<IDEArchive: 0x7f80abf77dd0>', distributionMethod='<IDEDistributionMethodAdHoc: 0x7f80acd402f0>', team='<IDEProvisioningDisambiguatableBasicTeam: 0x7f80a94c0620; teamID='N9ZV7E3954', teamName='Sites & Bytes Ltd', teamType='Company', username='jonathan.cobley@gmail.com', isFreeProvisioningTeam='0'>'>
	<IDEDistributionContext: 0x7f80b11b3a70; archive = '<IDEArchive: 0x7f80abf77dd0>', distributionMethod='<IDEDistributionMethodAdHoc: 0x7f80acd402f0>', team='<IDEProvisioningDisambiguatableBasicTeam: 0x7f80a94c0620; teamID='N9ZV7E3954', teamName='Sites & Bytes Ltd', teamType='Company', username='jonathan.cobley@gmail.com', isFreeProvisioningTeam='0'>'>
	<IDEDistributionContext: 0x7f80b0632ab0; archive = '<IDEArchive: 0x7f80abf77dd0>', distributionMethod='<IDEDistributionMethodAdHoc: 0x7f80acd402f0>', team='<IDEProvisioningDisambiguatableBasicTeam: 0x7f80a94c0620; teamID='N9ZV7E3954', teamName='Sites & Bytes Ltd', teamType='Company', username='jonathan.cobley@gmail.com', isFreeProvisioningTeam='0'>'>
	<IDEDistributionContext: 0x7f80b17243b0; archive = '<IDEArchive: 0x7f80abf77dd0>', distributionMethod='<IDEDistributionMethodAdHoc: 0x7f80acd402f0>', team='<IDEProvisioningDisambiguatableBasicTeam: 0x7f80a94c0620; teamID='N9ZV7E3954', teamName='Sites & Bytes Ltd', teamType='Company', username='jonathan.cobley@gmail.com', isFreeProvisioningTeam='0'>'>
	<IDEDistributionContext: 0x7f80b01b9460; archive = '<IDEArchive: 0x7f80abf77dd0>', distributionMethod='<IDEDistributionMethodAdHoc: 0x7f80acd402f0>', team='<IDEProvisioningDisambiguatableBasicTeam: 0x7f80a94c0620; teamID='N9ZV7E3954', teamName='Sites & Bytes Ltd', teamType='Company', username='jonathan.cobley@gmail.com', isFreeProvisioningTeam='0'>'>
	<IDEDistributionContext: 0x7f80b0717f50; archive = '<IDEArchive: 0x7f80abf77dd0>', distributionMethod='<IDEDistributionMethodAdHoc: 0x7f80acd402f0>', team='<IDEProvisioningDisambiguatableBasicTeam: 0x7f80a94c0620; teamID='N9ZV7E3954', teamName='Sites & Bytes Ltd', teamType='Company', username='jonathan.cobley@gmail.com', isFreeProvisioningTeam='0'>'>
	<IDEDistributionContext: 0x7f80aea6e490; archive = '<IDEArchive: 0x7f80abf77dd0>', distributionMethod='<IDEDistributionMethodAdHoc: 0x7f80acd402f0>', team='(null)'>
	<IDEDistributionContext: 0x7f80af2cc080; archive = '<IDEArchive: 0x7f80abf77dd0>', distributionMethod='<IDEDistributionMethodAdHoc: 0x7f80acd402f0>', team='(null)'>
	<IDEDistributionContext: 0x7f80af39e3e0; archive = '<IDEArchive: 0x7f80abf77dd0>', distributionMethod='(null)', team='(null)'>
</IDEDistributionProcessingPipelineContext: 0x7f80b05ed1f0>
2019-03-28 16:18:15 +0000  Processing step: IDEDistributionCreateDestRootStep
2019-03-28 16:18:15 +0000  Processing step: IDEDistributionCopyItemStep
2019-03-28 16:18:15 +0000  Running /usr/bin/ditto '-V' '/Users/jonathancobley/Library/Developer/Xcode/Archives/2019-03-28/Cargo Tracker 2 28-03-2019, 16.17.xcarchive/Products/Applications/Cargo Tracker.app' '/var/folders/ht/mj32t7yn6hlg1c3n834t4snw0000gn/T/XcodeDistPipeline.aDr/Root/Payload/Cargo Tracker.app'
2019-03-28 16:18:15 +0000  >>> Copying /Users/jonathancobley/Library/Developer/Xcode/Archives/2019-03-28/Cargo Tracker 2 28-03-2019, 16.17.xcarchive/Products/Applications/Cargo Tracker.app 
2019-03-28 16:18:15 +0000  copying file ./_CodeSignature/CodeResources ... 
2019-03-28 16:18:15 +0000  47647 bytes for ./_CodeSignature/CodeResources
2019-03-28 16:18:15 +0000  copying file ./LaunchImage@2x.png ... 
2019-03-28 16:18:15 +0000  24177 bytes for ./LaunchImage@2x.png
2019-03-28 16:18:15 +0000  copying file ./MainViewController.nib ... 
2019-03-28 16:18:15 +0000  943 bytes for ./MainViewController.nib
2019-03-28 16:18:15 +0000  copying file ./LaunchImage-568h@2x.png ... 
2019-03-28 16:18:15 +0000  41186 bytes for ./LaunchImage-568h@2x.png
2019-03-28 16:18:15 +0000  copying file ./AppIcon60x60@2x.png ... 
2019-03-28 16:18:15 +0000  9342 bytes for ./AppIcon60x60@2x.png
2019-03-28 16:18:15 +0000  copying file ./LaunchImage-800-667h@2x.png ... 
2019-03-28 16:18:15 +0000  49697 bytes for ./LaunchImage-800-667h@2x.png
2019-03-28 16:18:15 +0000  copying file ./config.xml ... 
2019-03-28 16:18:15 +0000  6613 bytes for ./config.xml
2019-03-28 16:18:15 +0000  copying file ./www/index.html ... 
2019-03-28 16:18:15 +0000  1811 bytes for ./www/index.html
2019-03-28 16:18:15 +0000  copying file ./www/cordova.js ... 
2019-03-28 16:18:15 +0000  78123 bytes for ./www/cordova.js
2019-03-28 16:18:15 +0000  copying file ./www/plugins/cordova-plugin-file/www/requestFileSystem.js ... 
2019-03-28 16:18:15 +0000  3244 bytes for ./www/plugins/cordova-plugin-file/www/requestFileSystem.js
2019-03-28 16:18:15 +0000  copying file ./www/plugins/cordova-plugin-file/www/DirectoryEntry.js ... 
2019-03-28 16:18:15 +0000  4681 bytes for ./www/plugins/cordova-plugin-file/www/DirectoryEntry.js
2019-03-28 16:18:15 +0000  copying file ./www/plugins/cordova-plugin-file/www/FileSystem.js ... 
2019-03-28 16:18:15 +0000  1960 bytes for ./www/plugins/cordova-plugin-file/www/FileSystem.js
2019-03-28 16:18:15 +0000  copying file ./www/plugins/cordova-plugin-file/www/Flags.js ... 
2019-03-28 16:18:15 +0000  1336 bytes for ./www/plugins/cordova-plugin-file/www/Flags.js
2019-03-28 16:18:15 +0000  copying file ./www/plugins/cordova-plugin-file/www/fileSystemPaths.js ... 
2019-03-28 16:18:15 +0000  2548 bytes for ./www/plugins/cordova-plugin-file/www/fileSystemPaths.js
2019-03-28 16:18:15 +0000  copying file ./www/plugins/cordova-plugin-file/www/FileEntry.js ... 
2019-03-28 16:18:15 +0000  3423 bytes for ./www/plugins/cordova-plugin-file/www/FileEntry.js
2019-03-28 16:18:15 +0000  copying file ./www/plugins/cordova-plugin-file/www/fileSystems.js ... 
2019-03-28 16:18:15 +0000  1047 bytes for ./www/plugins/cordova-plugin-file/www/fileSystems.js
2019-03-28 16:18:15 +0000  copying file ./www/plugins/cordova-plugin-file/www/DirectoryReader.js ... 
2019-03-28 16:18:15 +0000  2724 bytes for ./www/plugins/cordova-plugin-file/www/DirectoryReader.js
2019-03-28 16:18:15 +0000  copying file ./www/plugins/cordova-plugin-file/www/Metadata.js ... 
2019-03-28 16:18:15 +0000  1488 bytes for ./www/plugins/cordova-plugin-file/www/Metadata.js
2019-03-28 16:18:15 +0000  copying file ./www/plugins/cordova-plugin-file/www/ios/FileSystem.js ... 
2019-03-28 16:18:15 +0000  1222 bytes for ./www/plugins/cordova-plugin-file/www/ios/FileSystem.js
2019-03-28 16:18:15 +0000  copying file ./www/plugins/cordova-plugin-file/www/browser/isChrome.js ... 
2019-03-28 16:18:15 +0000  1232 bytes for ./www/plugins/cordova-plugin-file/www/browser/isChrome.js
2019-03-28 16:18:15 +0000  copying file ./www/plugins/cordova-plugin-file/www/LocalFileSystem.js ... 
2019-03-28 16:18:15 +0000  957 bytes for ./www/plugins/cordova-plugin-file/www/LocalFileSystem.js
2019-03-28 16:18:15 +0000  copying file ./www/plugins/cordova-plugin-file/www/FileReader.js ... 
2019-03-28 16:18:15 +0000  10523 bytes for ./www/plugins/cordova-plugin-file/www/FileReader.js
2019-03-28 16:18:15 +0000  copying file ./www/plugins/cordova-plugin-file/www/fileSystems-roots.js ... 
2019-03-28 16:18:15 +0000  1598 bytes for ./www/plugins/cordova-plugin-file/www/fileSystems-roots.js
2019-03-28 16:18:15 +0000  copying file ./www/plugins/cordova-plugin-file/www/FileUploadOptions.js ... 
2019-03-28 16:18:15 +0000  1831 bytes for ./www/plugins/cordova-plugin-file/www/FileUploadOptions.js
2019-03-28 16:18:15 +0000  copying file ./www/plugins/cordova-plugin-file/www/FileWriter.js ... 
2019-03-28 16:18:15 +0000  10544 bytes for ./www/plugins/cordova-plugin-file/www/FileWriter.js
2019-03-28 16:18:15 +0000  copying file ./www/plugins/cordova-plugin-file/www/FileError.js ... 
2019-03-28 16:18:15 +0000  1483 bytes for ./www/plugins/cordova-plugin-file/www/FileError.js
2019-03-28 16:18:15 +0000  copying file ./www/plugins/cordova-plugin-file/www/FileUploadResult.js ... 
2019-03-28 16:18:15 +0000  1111 bytes for ./www/plugins/cordova-plugin-file/www/FileUploadResult.js
2019-03-28 16:18:15 +0000  copying file ./www/plugins/cordova-plugin-file/www/ProgressEvent.js ... 
2019-03-28 16:18:15 +0000  2544 bytes for ./www/plugins/cordova-plugin-file/www/ProgressEvent.js
2019-03-28 16:18:15 +0000  copying file ./www/plugins/cordova-plugin-file/www/File.js ... 
2019-03-28 16:18:15 +0000  2714 bytes for ./www/plugins/cordova-plugin-file/www/File.js
2019-03-28 16:18:15 +0000  copying file ./www/plugins/cordova-plugin-file/www/resolveLocalFileSystemURI.js ... 
2019-03-28 16:18:15 +0000  4325 bytes for ./www/plugins/cordova-plugin-file/www/resolveLocalFileSystemURI.js
2019-03-28 16:18:15 +0000  copying file ./www/plugins/cordova-plugin-file/www/Entry.js ... 
2019-03-28 16:18:15 +0000  9869 bytes for ./www/plugins/cordova-plugin-file/www/Entry.js
2019-03-28 16:18:15 +0000  copying file ./www/plugins/cordova-plugin-advanced-http/www/cookie-handler.js ... 
2019-03-28 16:18:15 +0000  2096 bytes for ./www/plugins/cordova-plugin-advanced-http/www/cookie-handler.js
2019-03-28 16:18:15 +0000  copying file ./www/plugins/cordova-plugin-advanced-http/www/local-storage-store.js ... 
2019-03-28 16:18:15 +0000  5427 bytes for ./www/plugins/cordova-plugin-advanced-http/www/local-storage-store.js
2019-03-28 16:18:15 +0000  copying file ./www/plugins/cordova-plugin-advanced-http/www/advanced-http.js ... 
2019-03-28 16:18:15 +0000  5303 bytes for ./www/plugins/cordova-plugin-advanced-http/www/advanced-http.js
2019-03-28 16:18:15 +0000  copying file ./www/plugins/cordova-plugin-advanced-http/www/umd-tough-cookie.js ... 
2019-03-28 16:18:15 +0000  270561 bytes for ./www/plugins/cordova-plugin-advanced-http/www/umd-tough-cookie.js
2019-03-28 16:18:15 +0000  copying file ./www/plugins/cordova-plugin-advanced-http/www/helpers.js ... 
2019-03-28 16:18:15 +0000  7218 bytes for ./www/plugins/cordova-plugin-advanced-http/www/helpers.js
copying file ./www/plugins/cordova-plugin-advanced-http/www/lodash.js ... 
2019-03-28 16:18:15 +0000  8271 bytes for ./www/plugins/cordova-plugin-advanced-http/www/lodash.js
2019-03-28 16:18:15 +0000  copying file ./www/plugins/cordova-plugin-advanced-http/www/messages.js ... 
2019-03-28 16:18:15 +0000  1054 bytes for ./www/plugins/cordova-plugin-advanced-http/www/messages.js
2019-03-28 16:18:15 +0000  copying file ./www/plugins/cordova-plugin-ionic-webview/src/www/util.js ... 
2019-03-28 16:18:15 +0000  987 bytes for ./www/plugins/cordova-plugin-ionic-webview/src/www/util.js
2019-03-28 16:18:15 +0000  copying file ./www/plugins/cordova-plugin-ionic-webview/src/www/ios/ios-wkwebview-exec.js ... 
2019-03-28 16:18:15 +0000  6179 bytes for ./www/plugins/cordova-plugin-ionic-webview/src/www/ios/ios-wkwebview-exec.js
2019-03-28 16:18:15 +0000  copying file ./www/plugins/cordova-plugin-device/www/device.js ... 
2019-03-28 16:18:15 +0000  3070 bytes for ./www/plugins/cordova-plugin-device/www/device.js
2019-03-28 16:18:15 +0000  copying file ./www/plugins/cordova-plugin-statusbar/www/statusbar.js ... 
2019-03-28 16:18:15 +0000  3376 bytes for ./www/plugins/cordova-plugin-statusbar/www/statusbar.js
2019-03-28 16:18:15 +0000  copying file ./www/plugins/cordova-plugin-splashscreen/www/splashscreen.js ... 
2019-03-28 16:18:15 +0000  1173 bytes for ./www/plugins/cordova-plugin-splashscreen/www/splashscreen.js
2019-03-28 16:18:15 +0000  copying file ./www/plugins/cordova-plugin-ionic-keyboard/www/ios/keyboard.js ... 
2019-03-28 16:18:15 +0000  3125 bytes for ./www/plugins/cordova-plugin-ionic-keyboard/www/ios/keyboard.js
2019-03-28 16:18:15 +0000  copying file ./www/cordova-js-src/exec.js ... 
2019-03-28 16:18:15 +0000  8877 bytes for ./www/cordova-js-src/exec.js
2019-03-28 16:18:15 +0000  copying file ./www/cordova-js-src/plugin/ios/logger.js ... 
2019-03-28 16:18:15 +0000  10233 bytes for ./www/cordova-js-src/plugin/ios/logger.js
2019-03-28 16:18:15 +0000  copying file ./www/cordova-js-src/plugin/ios/console.js ... 
2019-03-28 16:18:15 +0000  6822 bytes for ./www/cordova-js-src/plugin/ios/console.js
2019-03-28 16:18:15 +0000  copying file ./www/cordova-js-src/platform.js ... 
2019-03-28 16:18:15 +0000  1168 bytes for ./www/cordova-js-src/platform.js
2019-03-28 16:18:15 +0000  copying file ./www/manifest.json ... 
2019-03-28 16:18:15 +0000  266 bytes for ./www/manifest.json
2019-03-28 16:18:15 +0000  copying file ./www/cordova_plugins.js ... 
2019-03-28 16:18:15 +0000  7646 bytes for ./www/cordova_plugins.js
2019-03-28 16:18:15 +0000  copying file ./www/service-worker.js ... 
2019-03-28 16:18:15 +0000  741 bytes for ./www/service-worker.js
2019-03-28 16:18:15 +0000  copying file ./www/build/7.js.map ... 
2019-03-28 16:18:15 +0000  2577 bytes for ./www/build/7.js.map
2019-03-28 16:18:15 +0000  copying file ./www/build/2.js ... 
2019-03-28 16:18:15 +0000  7354 bytes for ./www/build/2.js
2019-03-28 16:18:15 +0000  copying file ./www/build/6.js ... 
2019-03-28 16:18:15 +0000  5482 bytes for ./www/build/6.js
2019-03-28 16:18:15 +0000  copying file ./www/build/12.js.map ... 
2019-03-28 16:18:15 +0000  5151 bytes for ./www/build/12.js.map
2019-03-28 16:18:15 +0000  copying file ./www/build/10.js.map ... 
2019-03-28 16:18:15 +0000  3288 bytes for ./www/build/10.js.map
2019-03-28 16:18:15 +0000  copying file ./www/build/7.js ... 
2019-03-28 16:18:15 +0000  5151 bytes for ./www/build/7.js
2019-03-28 16:18:15 +0000  copying file ./www/build/9.js.map ... 
2019-03-28 16:18:15 +0000  3722 bytes for ./www/build/9.js.map
2019-03-28 16:18:15 +0000  copying file ./www/build/5.js.map ... 
2019-03-28 16:18:15 +0000  5503 bytes for ./www/build/5.js.map
2019-03-28 16:18:15 +0000  copying file ./www/build/main.js.map ... 
2019-03-28 16:18:15 +0000  80703 bytes for ./www/build/main.js.map
2019-03-28 16:18:15 +0000  copying file ./www/build/3.js ... 
2019-03-28 16:18:15 +0000  5471 bytes for ./www/build/3.js
2019-03-28 16:18:15 +0000  copying file ./www/build/11.js ... 
2019-03-28 16:18:15 +0000  4787 bytes for ./www/build/11.js
2019-03-28 16:18:15 +0000  copying file ./www/build/14.js.map ... 
2019-03-28 16:18:15 +0000  3119 bytes for ./www/build/14.js.map
2019-03-28 16:18:15 +0000  copying file ./www/build/main.css.map ... 
2019-03-28 16:18:15 +0000  4 bytes for ./www/build/main.css.map
2019-03-28 16:18:15 +0000  copying file ./www/build/8.js ... 
2019-03-28 16:18:15 +0000  4354 bytes for ./www/build/8.js
2019-03-28 16:18:15 +0000  copying file ./www/build/polyfills.js ... 
2019-03-28 16:18:15 +0000  97180 bytes for ./www/build/polyfills.js
copying file ./www/build/1.js.map ... 
2019-03-28 16:18:15 +0000  2055 bytes for ./www/build/1.js.map
2019-03-28 16:18:15 +0000  copying file ./www/build/14.js ... 
2019-03-28 16:18:15 +0000  6425 bytes for ./www/build/14.js
2019-03-28 16:18:15 +0000  copying file ./www/build/3.js.map ... 
2019-03-28 16:18:15 +0000  2734 bytes for ./www/build/3.js.map
2019-03-28 16:18:15 +0000  copying file ./www/build/10.js ... 
2019-03-28 16:18:15 +0000  6487 bytes for ./www/build/10.js
2019-03-28 16:18:15 +0000  copying file ./www/build/main.css ... 
2019-03-28 16:18:15 +0000  506233 bytes for ./www/build/main.css
2019-03-28 16:18:15 +0000  copying file ./www/build/9.js ... 
6674 bytes for ./www/build/9.js
copying file ./www/build/vendor.js ... 
2019-03-28 16:18:15 +0000  4874752 bytes for ./www/build/vendor.js
2019-03-28 16:18:15 +0000  copying file ./www/build/13.js.map ... 
1516 bytes for ./www/build/13.js.map
copying file ./www/build/main.js ... 
62508 bytes for ./www/build/main.js
copying file ./www/build/13.js ... 
4374 bytes for ./www/build/13.js
copying file ./www/build/6.js.map ... 
2680 bytes for ./www/build/6.js.map
copying file ./www/build/12.js ... 
8801 bytes for ./www/build/12.js
copying file ./www/build/8.js.map ... 
1661 bytes for ./www/build/8.js.map
copying file ./www/build/4.js.map ... 
3601 bytes for ./www/build/4.js.map
copying file ./www/build/11.js.map ... 
1859 bytes for ./www/build/11.js.map
copying file ./www/build/0.js.map ... 
2019-03-28 16:18:15 +0000  1268764 bytes for ./www/build/0.js.map
copying file ./www/build/4.js ... 
2019-03-28 16:18:15 +0000  7054 bytes for ./www/build/4.js
copying file ./www/build/0.js ... 
1007407 bytes for ./www/build/0.js
copying file ./www/build/1.js ... 
4893 bytes for ./www/build/1.js
copying file ./www/build/sw-toolbox.js ... 
15793 bytes for ./www/build/sw-toolbox.js
copying file ./www/build/2.js.map ... 
2019-03-28 16:18:15 +0000  4490 bytes for ./www/build/2.js.map
copying file ./www/build/vendor.js.map ... 
2019-03-28 16:18:15 +0000  5738283 bytes for ./www/build/vendor.js.map
copying file ./www/build/5.js ... 
2019-03-28 16:18:15 +0000  8368 bytes for ./www/build/5.js
copying file ./www/assets/imgs/logo.png ... 
39757 bytes for ./www/assets/imgs/logo.png
copying file ./www/assets/img/queen-live.png ... 
132129 bytes for ./www/assets/img/queen-live.png
copying file ./www/assets/img/speakers/duck.jpg ... 
2019-03-28 16:18:15 +0000  48409 bytes for ./www/assets/img/speakers/duck.jpg
copying file ./www/assets/img/speakers/rabbit.jpg ... 
2019-03-28 16:18:15 +0000  53466 bytes for ./www/assets/img/speakers/rabbit.jpg
2019-03-28 16:18:15 +0000  copying file ./www/assets/img/speakers/kitten.jpg ... 
2019-03-28 16:18:15 +0000  77160 bytes for ./www/assets/img/speakers/kitten.jpg
2019-03-28 16:18:15 +0000  copying file ./www/assets/img/speakers/turtle.jpg ... 
2019-03-28 16:18:15 +0000  40778 bytes for ./www/assets/img/speakers/turtle.jpg
2019-03-28 16:18:15 +0000  copying file ./www/assets/img/speakers/elephant.jpg ... 
2019-03-28 16:18:15 +0000  82286 bytes for ./www/assets/img/speakers/elephant.jpg
2019-03-28 16:18:15 +0000  copying file ./www/assets/img/speakers/lion.jpg ... 
2019-03-28 16:18:15 +0000  110396 bytes for ./www/assets/img/speakers/lion.jpg
2019-03-28 16:18:15 +0000  copying file ./www/assets/img/speakers/eagle.jpg ... 
2019-03-28 16:18:15 +0000  41352 bytes for ./www/assets/img/speakers/eagle.jpg
2019-03-28 16:18:15 +0000  copying file ./www/assets/img/speakers/cheetah.jpg ... 
2019-03-28 16:18:15 +0000  103794 bytes for ./www/assets/img/speakers/cheetah.jpg
copying file ./www/assets/img/speakers/mouse.jpg ... 
2019-03-28 16:18:15 +0000  58442 bytes for ./www/assets/img/speakers/mouse.jpg
2019-03-28 16:18:15 +0000  copying file ./www/assets/img/speakers/giraffe.jpg ... 
2019-03-28 16:18:15 +0000  82258 bytes for ./www/assets/img/speakers/giraffe.jpg
2019-03-28 16:18:15 +0000  copying file ./www/assets/img/speakers/iguana.jpg ... 
2019-03-28 16:18:15 +0000  62343 bytes for ./www/assets/img/speakers/iguana.jpg
2019-03-28 16:18:15 +0000  copying file ./www/assets/img/speakers/puppy.jpg ... 
2019-03-28 16:18:15 +0000  53087 bytes for ./www/assets/img/speakers/puppy.jpg
2019-03-28 16:18:15 +0000  copying file ./www/assets/img/speakers/bear.jpg ... 
2019-03-28 16:18:15 +0000  78535 bytes for ./www/assets/img/speakers/bear.jpg
2019-03-28 16:18:15 +0000  copying file ./www/assets/img/sarah-avatar.png.jpeg ... 
2019-03-28 16:18:15 +0000  5192 bytes for ./www/assets/img/sarah-avatar.png.jpeg
2019-03-28 16:18:15 +0000  copying file ./www/assets/img/advance-card-tmntr.jpg ... 
2019-03-28 16:18:15 +0000  52832 bytes for ./www/assets/img/advance-card-tmntr.jpg
2019-03-28 16:18:15 +0000  copying file ./www/assets/img/nin-live.png ... 
2019-03-28 16:18:15 +0000  79049 bytes for ./www/assets/img/nin-live.png
2019-03-28 16:18:15 +0000  copying file ./www/assets/img/bjork-live.jpg ... 
2019-03-28 16:18:15 +0000  44231 bytes for ./www/assets/img/bjork-live.jpg
2019-03-28 16:18:15 +0000  copying file ./www/assets/img/ian-avatar.png ... 
2019-03-28 16:18:15 +0000  5840 bytes for ./www/assets/img/ian-avatar.png
2019-03-28 16:18:15 +0000  copying file ./www/assets/img/appicon.png ... 
2019-03-28 16:18:15 +0000  13421 bytes for ./www/assets/img/appicon.png
2019-03-28 16:18:15 +0000  copying file ./www/assets/img/rundmc-live.png ... 
2019-03-28 16:18:15 +0000  63053 bytes for ./www/assets/img/rundmc-live.png
2019-03-28 16:18:15 +0000  copying file ./www/assets/img/ica-slidebox-img-4.png ... 
2019-03-28 16:18:15 +0000  8772 bytes for ./www/assets/img/ica-slidebox-img-4.png
2019-03-28 16:18:15 +0000  copying file ./www/assets/img/splashbg.png ... 
2019-03-28 16:18:15 +0000  68898 bytes for ./www/assets/img/splashbg.png
2019-03-28 16:18:15 +0000  copying file ./www/assets/img/ica-slidebox-img-2.png ... 
2019-03-28 16:18:15 +0000  8179 bytes for ./www/assets/img/ica-slidebox-img-2.png
2019-03-28 16:18:15 +0000  copying file ./www/assets/img/marty-avatar.png ... 
2019-03-28 16:18:15 +0000  5765 bytes for ./www/assets/img/marty-avatar.png
2019-03-28 16:18:15 +0000  copying file ./www/assets/img/advance-card-jp.jpg ... 
2019-03-28 16:18:15 +0000  119115 bytes for ./www/assets/img/advance-card-jp.jpg
copying file ./www/assets/img/badu-live.png ... 
2019-03-28 16:18:15 +0000  66612 bytes for ./www/assets/img/badu-live.png
2019-03-28 16:18:15 +0000  copying file ./www/assets/img/ica-slidebox-img-3.png ... 
2019-03-28 16:18:15 +0000  9088 bytes for ./www/assets/img/ica-slidebox-img-3.png
2019-03-28 16:18:15 +0000  copying file ./www/assets/img/ica-slidebox-img-1.png ... 
2019-03-28 16:18:15 +0000  11333 bytes for ./www/assets/img/ica-slidebox-img-1.png
2019-03-28 16:18:15 +0000  copying file ./www/assets/img/advance-card-bttf.png ... 
2019-03-28 16:18:15 +0000  133487 bytes for ./www/assets/img/advance-card-bttf.png
2019-03-28 16:18:15 +0000  copying file ./www/assets/icon/favicon.ico ... 
2019-03-28 16:18:15 +0000  1981 bytes for ./www/assets/icon/favicon.ico
2019-03-28 16:18:15 +0000  copying file ./www/assets/i18n/ua.json ... 
2019-03-28 16:18:15 +0000  2532 bytes for ./www/assets/i18n/ua.json
2019-03-28 16:18:15 +0000  copying file ./www/assets/i18n/tr.json ... 
2019-03-28 16:18:15 +0000  1661 bytes for ./www/assets/i18n/tr.json
2019-03-28 16:18:15 +0000  copying file ./www/assets/i18n/sl.json ... 
2019-03-28 16:18:15 +0000  1718 bytes for ./www/assets/i18n/sl.json
2019-03-28 16:18:15 +0000  copying file ./www/assets/i18n/es-eu.json ... 
2019-03-28 16:18:15 +0000  1581 bytes for ./www/assets/i18n/es-eu.json
2019-03-28 16:18:15 +0000  copying file ./www/assets/i18n/nl.json ... 
2019-03-28 16:18:15 +0000  1729 bytes for ./www/assets/i18n/nl.json
2019-03-28 16:18:15 +0000  copying file ./www/assets/i18n/zh-cmn-Hant.json ... 
2019-03-28 16:18:15 +0000  2085 bytes for ./www/assets/i18n/zh-cmn-Hant.json
2019-03-28 16:18:15 +0000  copying file ./www/assets/i18n/ja.json ... 
2019-03-28 16:18:15 +0000  2670 bytes for ./www/assets/i18n/ja.json
2019-03-28 16:18:15 +0000  copying file ./www/assets/i18n/de.json ... 
2019-03-28 16:18:15 +0000  1928 bytes for ./www/assets/i18n/de.json
2019-03-28 16:18:15 +0000  copying file ./www/assets/i18n/ru.json ... 
2019-03-28 16:18:15 +0000  2498 bytes for ./www/assets/i18n/ru.json
2019-03-28 16:18:15 +0000  copying file ./www/assets/i18n/pl.json ... 
2019-03-28 16:18:15 +0000  1790 bytes for ./www/assets/i18n/pl.json
2019-03-28 16:18:15 +0000  copying file ./www/assets/i18n/zh-cmn-Hans.json ... 
2019-03-28 16:18:15 +0000  2085 bytes for ./www/assets/i18n/zh-cmn-Hans.json
2019-03-28 16:18:15 +0000  copying file ./www/assets/i18n/fil.json ... 
2019-03-28 16:18:15 +0000  1633 bytes for ./www/assets/i18n/fil.json
2019-03-28 16:18:15 +0000  copying file ./www/assets/i18n/sk.json ... 
2019-03-28 16:18:15 +0000  2266 bytes for ./www/assets/i18n/sk.json
2019-03-28 16:18:15 +0000  copying file ./www/assets/i18n/en.json ... 
2019-03-28 16:18:15 +0000  2156 bytes for ./www/assets/i18n/en.json
2019-03-28 16:18:15 +0000  copying file ./www/assets/i18n/pt-PT.json ... 
2019-03-28 16:18:15 +0000  1666 bytes for ./www/assets/i18n/pt-PT.json
2019-03-28 16:18:15 +0000  copying file ./www/assets/i18n/it.json ... 
2019-03-28 16:18:15 +0000  2385 bytes for ./www/assets/i18n/it.json
2019-03-28 16:18:15 +0000  copying file ./www/assets/i18n/bs.json ... 
2019-03-28 16:18:15 +0000  1743 bytes for ./www/assets/i18n/bs.json
2019-03-28 16:18:15 +0000  copying file ./www/assets/i18n/fr.json ... 
2019-03-28 16:18:15 +0000  1799 bytes for ./www/assets/i18n/fr.json
copying file ./www/assets/i18n/el.json ... 
2019-03-28 16:18:15 +0000  2678 bytes for ./www/assets/i18n/el.json
2019-03-28 16:18:15 +0000  copying file ./www/assets/i18n/pt-br.json ... 
2019-03-28 16:18:15 +0000  2249 bytes for ./www/assets/i18n/pt-br.json
2019-03-28 16:18:15 +0000  copying file ./www/assets/i18n/he.json ... 
2019-03-28 16:18:15 +0000  1843 bytes for ./www/assets/i18n/he.json
2019-03-28 16:18:15 +0000  copying file ./www/assets/i18n/sn.json ... 
2019-03-28 16:18:15 +0000  2332 bytes for ./www/assets/i18n/sn.json
2019-03-28 16:18:15 +0000  copying file ./www/assets/i18n/nb_NO.json ... 
2019-03-28 16:18:15 +0000  1633 bytes for ./www/assets/i18n/nb_NO.json
2019-03-28 16:18:15 +0000  copying file ./www/assets/i18n/by.json ... 
2019-03-28 16:18:15 +0000  2422 bytes for ./www/assets/i18n/by.json
2019-03-28 16:18:15 +0000  copying file ./www/assets/i18n/da.json ... 
2019-03-28 16:18:15 +0000  1664 bytes for ./www/assets/i18n/da.json
2019-03-28 16:18:15 +0000  copying file ./www/assets/i18n/th.json ... 
2019-03-28 16:18:15 +0000  2720 bytes for ./www/assets/i18n/th.json
2019-03-28 16:18:15 +0000  copying file ./www/assets/i18n/sv.json ... 
2019-03-28 16:18:15 +0000  1718 bytes for ./www/assets/i18n/sv.json
2019-03-28 16:18:15 +0000  copying file ./www/assets/i18n/es.json ... 
2019-03-28 16:18:15 +0000  1757 bytes for ./www/assets/i18n/es.json
2019-03-28 16:18:15 +0000  copying file ./www/assets/i18n/ar.json ... 
2019-03-28 16:18:15 +0000  2949 bytes for ./www/assets/i18n/ar.json
2019-03-28 16:18:15 +0000  copying file ./www/assets/fonts/roboto-medium.ttf ... 
2019-03-28 16:18:15 +0000  19752 bytes for ./www/assets/fonts/roboto-medium.ttf
2019-03-28 16:18:15 +0000  copying file ./www/assets/fonts/roboto-light.woff2 ... 
2019-03-28 16:18:15 +0000  10220 bytes for ./www/assets/fonts/roboto-light.woff2
2019-03-28 16:18:15 +0000  copying file ./www/assets/fonts/roboto-light.ttf ... 
2019-03-28 16:18:15 +0000  19908 bytes for ./www/assets/fonts/roboto-light.ttf
2019-03-28 16:18:15 +0000  copying file ./www/assets/fonts/roboto-regular.woff2 ... 
2019-03-28 16:18:15 +0000  10196 bytes for ./www/assets/fonts/roboto-regular.woff2
2019-03-28 16:18:15 +0000  copying file ./www/assets/fonts/roboto-regular.woff ... 
2019-03-28 16:18:15 +0000  13308 bytes for ./www/assets/fonts/roboto-regular.woff
2019-03-28 16:18:15 +0000  copying file ./www/assets/fonts/noto-sans-bold.ttf ... 
2019-03-28 16:18:15 +0000  415132 bytes for ./www/assets/fonts/noto-sans-bold.ttf
2019-03-28 16:18:15 +0000  copying file ./www/assets/fonts/ionicons.eot ... 
144114 bytes for ./www/assets/fonts/ionicons.eot
copying file ./www/assets/fonts/noto-sans-bold.woff ... 
2019-03-28 16:18:15 +0000  211888 bytes for ./www/assets/fonts/noto-sans-bold.woff
copying file ./www/assets/fonts/roboto-light.woff ... 
13360 bytes for ./www/assets/fonts/roboto-light.woff
copying file ./www/assets/fonts/roboto-medium.woff2 ... 
2019-03-28 16:18:15 +0000  10192 bytes for ./www/assets/fonts/roboto-medium.woff2
2019-03-28 16:18:15 +0000  copying file ./www/assets/fonts/ionicons.woff ... 
2019-03-28 16:18:15 +0000  80356 bytes for ./www/assets/fonts/ionicons.woff
copying file ./www/assets/fonts/roboto-regular.ttf ... 
2019-03-28 16:18:15 +0000  19876 bytes for ./www/assets/fonts/roboto-regular.ttf
2019-03-28 16:18:15 +0000  copying file ./www/assets/fonts/ionicons.ttf ... 
2019-03-28 16:18:15 +0000  143936 bytes for ./www/assets/fonts/ionicons.ttf
2019-03-28 16:18:15 +0000  copying file ./www/assets/fonts/roboto-bold.woff2 ... 
2019-03-28 16:18:15 +0000  10212 bytes for ./www/assets/fonts/roboto-bold.woff2
2019-03-28 16:18:15 +0000  copying file ./www/assets/fonts/noto-sans.scss ... 
2019-03-28 16:18:15 +0000  1282 bytes for ./www/assets/fonts/noto-sans.scss
2019-03-28 16:18:15 +0000  copying file ./www/assets/fonts/roboto.scss ... 
2019-03-28 16:18:15 +0000  1458 bytes for ./www/assets/fonts/roboto.scss
2019-03-28 16:18:15 +0000  copying file ./www/assets/fonts/noto-sans-regular.woff ... 
2019-03-28 16:18:15 +0000  212780 bytes for ./www/assets/fonts/noto-sans-regular.woff
2019-03-28 16:18:15 +0000  copying file ./www/assets/fonts/roboto-medium.woff ... 
2019-03-28 16:18:15 +0000  13248 bytes for ./www/assets/fonts/roboto-medium.woff
copying file ./www/assets/fonts/roboto-bold.woff ... 
2019-03-28 16:18:15 +0000  13348 bytes for ./www/assets/fonts/roboto-bold.woff
2019-03-28 16:18:15 +0000  copying file ./www/assets/fonts/noto-sans-regular.ttf ... 
2019-03-28 16:18:15 +0000  414820 bytes for ./www/assets/fonts/noto-sans-regular.ttf
2019-03-28 16:18:15 +0000  copying file ./www/assets/fonts/ionicons.svg ... 
400219 bytes for ./www/assets/fonts/ionicons.svg
copying file ./www/assets/fonts/roboto-bold.ttf ... 
2019-03-28 16:18:15 +0000  20040 bytes for ./www/assets/fonts/roboto-bold.ttf
copying file ./www/assets/fonts/ionicons.woff2 ... 
61020 bytes for ./www/assets/fonts/ionicons.woff2
copying file ./www/assets/fonts/ionicons.scss ... 
2019-03-28 16:18:15 +0000  1152 bytes for ./www/assets/fonts/ionicons.scss
2019-03-28 16:18:15 +0000  copying file ./www/wk-plugin.js ... 
2019-03-28 16:18:15 +0000  1388 bytes for ./www/wk-plugin.js
2019-03-28 16:18:15 +0000  copying file ./Assets.car ... 
2019-03-28 16:18:15 +0000  345832 bytes for ./Assets.car
2019-03-28 16:18:15 +0000  copying file ./AppIcon76x76@2x~ipad.png ... 
2019-03-28 16:18:15 +0000  12482 bytes for ./AppIcon76x76@2x~ipad.png
2019-03-28 16:18:15 +0000  copying file ./LaunchImage-800-Portrait-736h@3x.png ... 
2019-03-28 16:18:15 +0000  132452 bytes for ./LaunchImage-800-Portrait-736h@3x.png
2019-03-28 16:18:15 +0000  copying file ./CDVLaunchScreen.storyboardc/01J-lp-oVM-view-Ze5-6b-2t3.nib ... 
2019-03-28 16:18:15 +0000  2287 bytes for ./CDVLaunchScreen.storyboardc/01J-lp-oVM-view-Ze5-6b-2t3.nib
2019-03-28 16:18:15 +0000  copying file ./CDVLaunchScreen.storyboardc/UIViewController-01J-lp-oVM.nib ... 
2019-03-28 16:18:15 +0000  832 bytes for ./CDVLaunchScreen.storyboardc/UIViewController-01J-lp-oVM.nib
2019-03-28 16:18:15 +0000  copying file ./CDVLaunchScreen.storyboardc/Info.plist ... 
2019-03-28 16:18:15 +0000  258 bytes for ./CDVLaunchScreen.storyboardc/Info.plist
2019-03-28 16:18:15 +0000  copying file ./LaunchImage-700@2x.png ... 
2019-03-28 16:18:15 +0000  24177 bytes for ./LaunchImage-700@2x.png
2019-03-28 16:18:15 +0000  copying file ./LaunchImage-700-568h@2x.png ... 
2019-03-28 16:18:15 +0000  41186 bytes for ./LaunchImage-700-568h@2x.png
2019-03-28 16:18:15 +0000  copying file ./Cargo Tracker ... 
2019-03-28 16:18:15 +0000  715904 bytes for ./Cargo Tracker
2019-03-28 16:18:15 +0000  copying file ./LaunchImage.png ... 
9717 bytes for ./LaunchImage.png
copying file ./LaunchImage-800-Landscape-736h@3x.png ... 
125079 bytes for ./LaunchImage-800-Landscape-736h@3x.png
copying file ./Info.plist ... 
2019-03-28 16:18:15 +0000  2020 bytes for ./Info.plist
copying file ./PkgInfo ... 
2019-03-28 16:18:15 +0000  8 bytes for ./PkgInfo
2019-03-28 16:18:15 +0000  /usr/bin/ditto exited with 0
2019-03-28 16:18:15 +0000  Processing step: IDEDistributionEmbedProfileStep
2019-03-28 16:18:15 +0000  Skipping profile for item: <IDEDistributionItem: 0x7f80b0528fa0 'com.sitesandbytes.cargotrackertest' '<DVTFilePath:0x7f80b02bd6c0:'/Users/jonathancobley/Library/Developer/Xcode/Archives/2019-03-28/Cargo Tracker 2 28-03-2019, 16.17.xcarchive/Products/Applications/Cargo Tracker.app'>'>
2019-03-28 16:18:15 +0000  Processing step: IDEDistributionAppThinningPlistStep
2019-03-28 16:18:15 +0000  Skipping step: IDEDistributionAppThinningPlistStep because it said so
2019-03-28 16:18:15 +0000  Processing step: IDEDistributionCompileBitcodeStep
2019-03-28 16:18:15 +0000  Skipping step: IDEDistributionCompileBitcodeStep because it said so
2019-03-28 16:18:15 +0000  Processing step: IDEDistributionCodeSlimmingStep
2019-03-28 16:18:15 +0000  Processing step: IDEDistributionCopyBCSymbolMapsStep
2019-03-28 16:18:15 +0000  Skipping step: IDEDistributionCopyBCSymbolMapsStep because it said so
2019-03-28 16:18:15 +0000  Processing step: IDEDistributionSymbolsStep
2019-03-28 16:18:15 +0000  Skipping step: IDEDistributionSymbolsStep because it said so
2019-03-28 16:18:15 +0000  Processing step: IDEDistributionAppThinningStep
2019-03-28 16:18:15 +0000  Skipping step: IDEDistributionAppThinningStep because it said so
2019-03-28 16:18:15 +0000  Processing step: IDEDistributionArchThinningStep
2019-03-28 16:18:15 +0000  Running /Applications/Xcode.app/Contents/Developer/Toolchains/XcodeDefault.xctoolchain/usr/bin/lipo '/var/folders/ht/mj32t7yn6hlg1c3n834t4snw0000gn/T/XcodeDistPipeline.aDr/Root/Payload/Cargo Tracker.app/Cargo Tracker' '-verify_arch' 'arm64e'
2019-03-28 16:18:15 +0000  /Applications/Xcode.app/Contents/Developer/Toolchains/XcodeDefault.xctoolchain/usr/bin/lipo exited with 1
2019-03-28 16:18:15 +0000  Skipping architecture thinning for item "Cargo Tracker" because arch "arm64e" wasn't found
2019-03-28 16:18:15 +0000  Processing step: IDEDistributionODRStep
2019-03-28 16:18:15 +0000  Processing step: IDEDistributionStripXattrsStep
2019-03-28 16:18:15 +0000  Running /usr/bin/xattr '-crs' '/var/folders/ht/mj32t7yn6hlg1c3n834t4snw0000gn/T/XcodeDistPipeline.aDr/Root/Payload/Cargo Tracker.app'
2019-03-28 16:18:15 +0000  /usr/bin/xattr exited with 0
2019-03-28 16:18:15 +0000  Processing step: IDEDistributionCodesignStep
2019-03-28 16:18:15 +0000  Entitlements for <IDEDistributionItem: 0x7f80b0528fa0 'com.sitesandbytes.cargotrackertest' '<DVTFilePath:0x7f80b02bd6c0:'/Users/jonathancobley/Library/Developer/Xcode/Archives/2019-03-28/Cargo Tracker 2 28-03-2019, 16.17.xcarchive/Products/Applications/Cargo Tracker.app'>'>: {
    "application-identifier" = "N9ZV7E3954.com.sitesandbytes.cargotrackertest";
    "com.apple.developer.team-identifier" = N9ZV7E3954;
}
2019-03-28 16:18:15 +0000  Writing entitlements for <IDEDistributionItem: 0x7f80b0528fa0 'com.sitesandbytes.cargotrackertest' '<DVTFilePath:0x7f80b02bd6c0:'/Users/jonathancobley/Library/Developer/Xcode/Archives/2019-03-28/Cargo Tracker 2 28-03-2019, 16.17.xcarchive/Products/Applications/Cargo Tracker.app'>'> to: /var/folders/ht/mj32t7yn6hlg1c3n834t4snw0000gn/T/XcodeDistPipeline.aDr/entitlementsNQR8AM
2019-03-28 16:18:15 +0000  Running /usr/bin/codesign '-vvv' '--force' '--sign' 'EF79A24C361D8C8E35DCE6CEC819A80FAE284A05' '--entitlements' '/var/folders/ht/mj32t7yn6hlg1c3n834t4snw0000gn/T/XcodeDistPipeline.aDr/entitlementsNQR8AM' '--preserve-metadata=identifier,flags,runtime' '/var/folders/ht/mj32t7yn6hlg1c3n834t4snw0000gn/T/XcodeDistPipeline.aDr/Root/Payload/Cargo Tracker.app'
2019-03-28 16:18:15 +0000  /var/folders/ht/mj32t7yn6hlg1c3n834t4snw0000gn/T/XcodeDistPipeline.aDr/Root/Payload/Cargo Tracker.app: replacing existing signature
2019-03-28 16:18:19 +0000  /var/folders/ht/mj32t7yn6hlg1c3n834t4snw0000gn/T/XcodeDistPipeline.aDr/Root/Payload/Cargo Tracker.app: signed app bundle with Mach-O thin (arm64) [com.sitesandbytes.cargotrackertest]
2019-03-28 16:18:19 +0000  /usr/bin/codesign exited with 0
2019-03-28 16:18:19 +0000  Processing step: IDEDistributionZipODRItemStep
2019-03-28 16:18:19 +0000  Skipping step: IDEDistributionZipODRItemStep because it said so
2019-03-28 16:18:19 +0000  Processing step: IDEDistributionCreateIPAStep
2019-03-28 16:18:19 +0000  Running /usr/bin/ditto '-V' '-c' '-k' '--norsrc' '/var/folders/ht/mj32t7yn6hlg1c3n834t4snw0000gn/T/XcodeDistPipeline.aDr/Root' '/var/folders/ht/mj32t7yn6hlg1c3n834t4snw0000gn/T/XcodeDistPipeline.aDr/Packages/Cargo Tracker 2.ipa'
2019-03-28 16:18:19 +0000  >>> Copying /var/folders/ht/mj32t7yn6hlg1c3n834t4snw0000gn/T/XcodeDistPipeline.aDr/Root 
2019-03-28 16:18:19 +0000  copying file ./Payload/Cargo Tracker.app/_CodeSignature/CodeResources ... 
2019-03-28 16:18:19 +0000  47647 bytes for ./Payload/Cargo Tracker.app/_CodeSignature/CodeResources
2019-03-28 16:18:19 +0000  copying file ./Payload/Cargo Tracker.app/LaunchImage@2x.png ... 
2019-03-28 16:18:19 +0000  24177 bytes for ./Payload/Cargo Tracker.app/LaunchImage@2x.png
2019-03-28 16:18:19 +0000  copying file ./Payload/Cargo Tracker.app/MainViewController.nib ... 
2019-03-28 16:18:19 +0000  943 bytes for ./Payload/Cargo Tracker.app/MainViewController.nib
2019-03-28 16:18:19 +0000  copying file ./Payload/Cargo Tracker.app/LaunchImage-568h@2x.png ... 
2019-03-28 16:18:19 +0000  41186 bytes for ./Payload/Cargo Tracker.app/LaunchImage-568h@2x.png
2019-03-28 16:18:19 +0000  copying file ./Payload/Cargo Tracker.app/AppIcon60x60@2x.png ... 
2019-03-28 16:18:19 +0000  9342 bytes for ./Payload/Cargo Tracker.app/AppIcon60x60@2x.png
2019-03-28 16:18:19 +0000  copying file ./Payload/Cargo Tracker.app/LaunchImage-800-667h@2x.png ... 
2019-03-28 16:18:19 +0000  49697 bytes for ./Payload/Cargo Tracker.app/LaunchImage-800-667h@2x.png
2019-03-28 16:18:19 +0000  copying file ./Payload/Cargo Tracker.app/config.xml ... 
2019-03-28 16:18:19 +0000  6613 bytes for ./Payload/Cargo Tracker.app/config.xml
copying file ./Payload/Cargo Tracker.app/www/index.html ... 
2019-03-28 16:18:19 +0000  1811 bytes for ./Payload/Cargo Tracker.app/www/index.html
2019-03-28 16:18:19 +0000  copying file ./Payload/Cargo Tracker.app/www/cordova.js ... 
2019-03-28 16:18:19 +0000  78123 bytes for ./Payload/Cargo Tracker.app/www/cordova.js
2019-03-28 16:18:19 +0000  copying file ./Payload/Cargo Tracker.app/www/plugins/cordova-plugin-file/www/requestFileSystem.js ... 
2019-03-28 16:18:19 +0000  3244 bytes for ./Payload/Cargo Tracker.app/www/plugins/cordova-plugin-file/www/requestFileSystem.js
2019-03-28 16:18:19 +0000  copying file ./Payload/Cargo Tracker.app/www/plugins/cordova-plugin-file/www/DirectoryEntry.js ... 
2019-03-28 16:18:19 +0000  4681 bytes for ./Payload/Cargo Tracker.app/www/plugins/cordova-plugin-file/www/DirectoryEntry.js
2019-03-28 16:18:19 +0000  copying file ./Payload/Cargo Tracker.app/www/plugins/cordova-plugin-file/www/FileSystem.js ... 
2019-03-28 16:18:19 +0000  1960 bytes for ./Payload/Cargo Tracker.app/www/plugins/cordova-plugin-file/www/FileSystem.js
2019-03-28 16:18:19 +0000  copying file ./Payload/Cargo Tracker.app/www/plugins/cordova-plugin-file/www/Flags.js ... 
2019-03-28 16:18:19 +0000  1336 bytes for ./Payload/Cargo Tracker.app/www/plugins/cordova-plugin-file/www/Flags.js
copying file ./Payload/Cargo Tracker.app/www/plugins/cordova-plugin-file/www/fileSystemPaths.js ... 
2019-03-28 16:18:19 +0000  2548 bytes for ./Payload/Cargo Tracker.app/www/plugins/cordova-plugin-file/www/fileSystemPaths.js
2019-03-28 16:18:19 +0000  copying file ./Payload/Cargo Tracker.app/www/plugins/cordova-plugin-file/www/FileEntry.js ... 
2019-03-28 16:18:19 +0000  3423 bytes for ./Payload/Cargo Tracker.app/www/plugins/cordova-plugin-file/www/FileEntry.js
copying file ./Payload/Cargo Tracker.app/www/plugins/cordova-plugin-file/www/fileSystems.js ... 
2019-03-28 16:18:19 +0000  1047 bytes for ./Payload/Cargo Tracker.app/www/plugins/cordova-plugin-file/www/fileSystems.js
2019-03-28 16:18:19 +0000  copying file ./Payload/Cargo Tracker.app/www/plugins/cordova-plugin-file/www/DirectoryReader.js ... 
2019-03-28 16:18:19 +0000  2724 bytes for ./Payload/Cargo Tracker.app/www/plugins/cordova-plugin-file/www/DirectoryReader.js
copying file ./Payload/Cargo Tracker.app/www/plugins/cordova-plugin-file/www/Metadata.js ... 
2019-03-28 16:18:19 +0000  1488 bytes for ./Payload/Cargo Tracker.app/www/plugins/cordova-plugin-file/www/Metadata.js
copying file ./Payload/Cargo Tracker.app/www/plugins/cordova-plugin-file/www/ios/FileSystem.js ... 
2019-03-28 16:18:19 +0000  1222 bytes for ./Payload/Cargo Tracker.app/www/plugins/cordova-plugin-file/www/ios/FileSystem.js
2019-03-28 16:18:19 +0000  copying file ./Payload/Cargo Tracker.app/www/plugins/cordova-plugin-file/www/browser/isChrome.js ... 
2019-03-28 16:18:19 +0000  1232 bytes for ./Payload/Cargo Tracker.app/www/plugins/cordova-plugin-file/www/browser/isChrome.js
2019-03-28 16:18:19 +0000  copying file ./Payload/Cargo Tracker.app/www/plugins/cordova-plugin-file/www/LocalFileSystem.js ... 
2019-03-28 16:18:19 +0000  957 bytes for ./Payload/Cargo Tracker.app/www/plugins/cordova-plugin-file/www/LocalFileSystem.js
copying file ./Payload/Cargo Tracker.app/www/plugins/cordova-plugin-file/www/FileReader.js ... 
2019-03-28 16:18:19 +0000  10523 bytes for ./Payload/Cargo Tracker.app/www/plugins/cordova-plugin-file/www/FileReader.js
copying file ./Payload/Cargo Tracker.app/www/plugins/cordova-plugin-file/www/fileSystems-roots.js ... 
2019-03-28 16:18:19 +0000  1598 bytes for ./Payload/Cargo Tracker.app/www/plugins/cordova-plugin-file/www/fileSystems-roots.js
2019-03-28 16:18:19 +0000  copying file ./Payload/Cargo Tracker.app/www/plugins/cordova-plugin-file/www/FileUploadOptions.js ... 
2019-03-28 16:18:19 +0000  1831 bytes for ./Payload/Cargo Tracker.app/www/plugins/cordova-plugin-file/www/FileUploadOptions.js
copying file ./Payload/Cargo Tracker.app/www/plugins/cordova-plugin-file/www/FileWriter.js ... 
2019-03-28 16:18:19 +0000  10544 bytes for ./Payload/Cargo Tracker.app/www/plugins/cordova-plugin-file/www/FileWriter.js
2019-03-28 16:18:19 +0000  copying file ./Payload/Cargo Tracker.app/www/plugins/cordova-plugin-file/www/FileError.js ... 
2019-03-28 16:18:19 +0000  1483 bytes for ./Payload/Cargo Tracker.app/www/plugins/cordova-plugin-file/www/FileError.js
copying file ./Payload/Cargo Tracker.app/www/plugins/cordova-plugin-file/www/FileUploadResult.js ... 
2019-03-28 16:18:19 +0000  1111 bytes for ./Payload/Cargo Tracker.app/www/plugins/cordova-plugin-file/www/FileUploadResult.js
copying file ./Payload/Cargo Tracker.app/www/plugins/cordova-plugin-file/www/ProgressEvent.js ... 
2019-03-28 16:18:19 +0000  2544 bytes for ./Payload/Cargo Tracker.app/www/plugins/cordova-plugin-file/www/ProgressEvent.js
2019-03-28 16:18:19 +0000  copying file ./Payload/Cargo Tracker.app/www/plugins/cordova-plugin-file/www/File.js ... 
2019-03-28 16:18:19 +0000  2714 bytes for ./Payload/Cargo Tracker.app/www/plugins/cordova-plugin-file/www/File.js
copying file ./Payload/Cargo Tracker.app/www/plugins/cordova-plugin-file/www/resolveLocalFileSystemURI.js ... 
2019-03-28 16:18:19 +0000  4325 bytes for ./Payload/Cargo Tracker.app/www/plugins/cordova-plugin-file/www/resolveLocalFileSystemURI.js
2019-03-28 16:18:19 +0000  copying file ./Payload/Cargo Tracker.app/www/plugins/cordova-plugin-file/www/Entry.js ... 
2019-03-28 16:18:19 +0000  9869 bytes for ./Payload/Cargo Tracker.app/www/plugins/cordova-plugin-file/www/Entry.js
2019-03-28 16:18:19 +0000  copying file ./Payload/Cargo Tracker.app/www/plugins/cordova-plugin-advanced-http/www/cookie-handler.js ... 
2019-03-28 16:18:19 +0000  2096 bytes for ./Payload/Cargo Tracker.app/www/plugins/cordova-plugin-advanced-http/www/cookie-handler.js
2019-03-28 16:18:19 +0000  copying file ./Payload/Cargo Tracker.app/www/plugins/cordova-plugin-advanced-http/www/local-storage-store.js ... 
2019-03-28 16:18:19 +0000  5427 bytes for ./Payload/Cargo Tracker.app/www/plugins/cordova-plugin-advanced-http/www/local-storage-store.js
2019-03-28 16:18:19 +0000  copying file ./Payload/Cargo Tracker.app/www/plugins/cordova-plugin-advanced-http/www/advanced-http.js ... 
2019-03-28 16:18:19 +0000  5303 bytes for ./Payload/Cargo Tracker.app/www/plugins/cordova-plugin-advanced-http/www/advanced-http.js
copying file ./Payload/Cargo Tracker.app/www/plugins/cordova-plugin-advanced-http/www/umd-tough-cookie.js ... 
2019-03-28 16:18:19 +0000  270561 bytes for ./Payload/Cargo Tracker.app/www/plugins/cordova-plugin-advanced-http/www/umd-tough-cookie.js
2019-03-28 16:18:19 +0000  copying file ./Payload/Cargo Tracker.app/www/plugins/cordova-plugin-advanced-http/www/helpers.js ... 
2019-03-28 16:18:19 +0000  7218 bytes for ./Payload/Cargo Tracker.app/www/plugins/cordova-plugin-advanced-http/www/helpers.js
copying file ./Payload/Cargo Tracker.app/www/plugins/cordova-plugin-advanced-http/www/lodash.js ... 
2019-03-28 16:18:19 +0000  8271 bytes for ./Payload/Cargo Tracker.app/www/plugins/cordova-plugin-advanced-http/www/lodash.js
2019-03-28 16:18:19 +0000  copying file ./Payload/Cargo Tracker.app/www/plugins/cordova-plugin-advanced-http/www/messages.js ... 
1054 bytes for ./Payload/Cargo Tracker.app/www/plugins/cordova-plugin-advanced-http/www/messages.js
2019-03-28 16:18:19 +0000  copying file ./Payload/Cargo Tracker.app/www/plugins/cordova-plugin-ionic-webview/src/www/util.js ... 
2019-03-28 16:18:19 +0000  987 bytes for ./Payload/Cargo Tracker.app/www/plugins/cordova-plugin-ionic-webview/src/www/util.js
2019-03-28 16:18:19 +0000  copying file ./Payload/Cargo Tracker.app/www/plugins/cordova-plugin-ionic-webview/src/www/ios/ios-wkwebview-exec.js ... 
2019-03-28 16:18:19 +0000  6179 bytes for ./Payload/Cargo Tracker.app/www/plugins/cordova-plugin-ionic-webview/src/www/ios/ios-wkwebview-exec.js
2019-03-28 16:18:19 +0000  copying file ./Payload/Cargo Tracker.app/www/plugins/cordova-plugin-device/www/device.js ... 
2019-03-28 16:18:19 +0000  3070 bytes for ./Payload/Cargo Tracker.app/www/plugins/cordova-plugin-device/www/device.js
2019-03-28 16:18:19 +0000  copying file ./Payload/Cargo Tracker.app/www/plugins/cordova-plugin-statusbar/www/statusbar.js ... 
2019-03-28 16:18:19 +0000  3376 bytes for ./Payload/Cargo Tracker.app/www/plugins/cordova-plugin-statusbar/www/statusbar.js
2019-03-28 16:18:19 +0000  copying file ./Payload/Cargo Tracker.app/www/plugins/cordova-plugin-splashscreen/www/splashscreen.js ... 
2019-03-28 16:18:19 +0000  1173 bytes for ./Payload/Cargo Tracker.app/www/plugins/cordova-plugin-splashscreen/www/splashscreen.js
2019-03-28 16:18:19 +0000  copying file ./Payload/Cargo Tracker.app/www/plugins/cordova-plugin-ionic-keyboard/www/ios/keyboard.js ... 
2019-03-28 16:18:19 +0000  3125 bytes for ./Payload/Cargo Tracker.app/www/plugins/cordova-plugin-ionic-keyboard/www/ios/keyboard.js
2019-03-28 16:18:19 +0000  copying file ./Payload/Cargo Tracker.app/www/cordova-js-src/exec.js ... 
2019-03-28 16:18:19 +0000  8877 bytes for ./Payload/Cargo Tracker.app/www/cordova-js-src/exec.js
2019-03-28 16:18:19 +0000  copying file ./Payload/Cargo Tracker.app/www/cordova-js-src/plugin/ios/logger.js ... 
2019-03-28 16:18:19 +0000  10233 bytes for ./Payload/Cargo Tracker.app/www/cordova-js-src/plugin/ios/logger.js
2019-03-28 16:18:19 +0000  copying file ./Payload/Cargo Tracker.app/www/cordova-js-src/plugin/ios/console.js ... 
2019-03-28 16:18:19 +0000  6822 bytes for ./Payload/Cargo Tracker.app/www/cordova-js-src/plugin/ios/console.js
2019-03-28 16:18:19 +0000  copying file ./Payload/Cargo Tracker.app/www/cordova-js-src/platform.js ... 
2019-03-28 16:18:19 +0000  1168 bytes for ./Payload/Cargo Tracker.app/www/cordova-js-src/platform.js
copying file ./Payload/Cargo Tracker.app/www/manifest.json ... 
2019-03-28 16:18:19 +0000  266 bytes for ./Payload/Cargo Tracker.app/www/manifest.json
copying file ./Payload/Cargo Tracker.app/www/cordova_plugins.js ... 
2019-03-28 16:18:19 +0000  7646 bytes for ./Payload/Cargo Tracker.app/www/cordova_plugins.js
2019-03-28 16:18:19 +0000  copying file ./Payload/Cargo Tracker.app/www/service-worker.js ... 
2019-03-28 16:18:19 +0000  741 bytes for ./Payload/Cargo Tracker.app/www/service-worker.js
2019-03-28 16:18:19 +0000  copying file ./Payload/Cargo Tracker.app/www/build/7.js.map ... 
2019-03-28 16:18:19 +0000  2577 bytes for ./Payload/Cargo Tracker.app/www/build/7.js.map
2019-03-28 16:18:19 +0000  copying file ./Payload/Cargo Tracker.app/www/build/2.js ... 
2019-03-28 16:18:19 +0000  7354 bytes for ./Payload/Cargo Tracker.app/www/build/2.js
2019-03-28 16:18:19 +0000  copying file ./Payload/Cargo Tracker.app/www/build/6.js ... 
5482 bytes for ./Payload/Cargo Tracker.app/www/build/6.js
2019-03-28 16:18:19 +0000  copying file ./Payload/Cargo Tracker.app/www/build/12.js.map ... 
2019-03-28 16:18:19 +0000  5151 bytes for ./Payload/Cargo Tracker.app/www/build/12.js.map
2019-03-28 16:18:19 +0000  copying file ./Payload/Cargo Tracker.app/www/build/10.js.map ... 
2019-03-28 16:18:19 +0000  3288 bytes for ./Payload/Cargo Tracker.app/www/build/10.js.map
copying file ./Payload/Cargo Tracker.app/www/build/7.js ... 
2019-03-28 16:18:19 +0000  5151 bytes for ./Payload/Cargo Tracker.app/www/build/7.js
2019-03-28 16:18:19 +0000  copying file ./Payload/Cargo Tracker.app/www/build/9.js.map ... 
2019-03-28 16:18:19 +0000  3722 bytes for ./Payload/Cargo Tracker.app/www/build/9.js.map
copying file ./Payload/Cargo Tracker.app/www/build/5.js.map ... 
2019-03-28 16:18:19 +0000  5503 bytes for ./Payload/Cargo Tracker.app/www/build/5.js.map
2019-03-28 16:18:19 +0000  copying file ./Payload/Cargo Tracker.app/www/build/main.js.map ... 
2019-03-28 16:18:19 +0000  80703 bytes for ./Payload/Cargo Tracker.app/www/build/main.js.map
copying file ./Payload/Cargo Tracker.app/www/build/3.js ... 
2019-03-28 16:18:19 +0000  5471 bytes for ./Payload/Cargo Tracker.app/www/build/3.js
2019-03-28 16:18:19 +0000  copying file ./Payload/Cargo Tracker.app/www/build/11.js ... 
2019-03-28 16:18:19 +0000  4787 bytes for ./Payload/Cargo Tracker.app/www/build/11.js
copying file ./Payload/Cargo Tracker.app/www/build/14.js.map ... 
2019-03-28 16:18:19 +0000  3119 bytes for ./Payload/Cargo Tracker.app/www/build/14.js.map
2019-03-28 16:18:19 +0000  copying file ./Payload/Cargo Tracker.app/www/build/main.css.map ... 
4 bytes for ./Payload/Cargo Tracker.app/www/build/main.css.map
2019-03-28 16:18:19 +0000  copying file ./Payload/Cargo Tracker.app/www/build/8.js ... 
2019-03-28 16:18:19 +0000  4354 bytes for ./Payload/Cargo Tracker.app/www/build/8.js
2019-03-28 16:18:19 +0000  copying file ./Payload/Cargo Tracker.app/www/build/polyfills.js ... 
2019-03-28 16:18:19 +0000  97180 bytes for ./Payload/Cargo Tracker.app/www/build/polyfills.js
2019-03-28 16:18:19 +0000  copying file ./Payload/Cargo Tracker.app/www/build/1.js.map ... 
2019-03-28 16:18:19 +0000  2055 bytes for ./Payload/Cargo Tracker.app/www/build/1.js.map
copying file ./Payload/Cargo Tracker.app/www/build/14.js ... 
2019-03-28 16:18:19 +0000  6425 bytes for ./Payload/Cargo Tracker.app/www/build/14.js
copying file ./Payload/Cargo Tracker.app/www/build/3.js.map ... 
2019-03-28 16:18:19 +0000  2734 bytes for ./Payload/Cargo Tracker.app/www/build/3.js.map
2019-03-28 16:18:19 +0000  copying file ./Payload/Cargo Tracker.app/www/build/10.js ... 
2019-03-28 16:18:19 +0000  6487 bytes for ./Payload/Cargo Tracker.app/www/build/10.js
copying file ./Payload/Cargo Tracker.app/www/build/main.css ... 
2019-03-28 16:18:19 +0000  506233 bytes for ./Payload/Cargo Tracker.app/www/build/main.css
2019-03-28 16:18:19 +0000  copying file ./Payload/Cargo Tracker.app/www/build/9.js ... 
2019-03-28 16:18:19 +0000  6674 bytes for ./Payload/Cargo Tracker.app/www/build/9.js
copying file ./Payload/Cargo Tracker.app/www/build/vendor.js ... 
2019-03-28 16:18:19 +0000  4874752 bytes for ./Payload/Cargo Tracker.app/www/build/vendor.js
2019-03-28 16:18:19 +0000  copying file ./Payload/Cargo Tracker.app/www/build/13.js.map ... 
1516 bytes for ./Payload/Cargo Tracker.app/www/build/13.js.map
copying file ./Payload/Cargo Tracker.app/www/build/main.js ... 
2019-03-28 16:18:19 +0000  62508 bytes for ./Payload/Cargo Tracker.app/www/build/main.js
copying file ./Payload/Cargo Tracker.app/www/build/13.js ... 
2019-03-28 16:18:19 +0000  4374 bytes for ./Payload/Cargo Tracker.app/www/build/13.js
2019-03-28 16:18:19 +0000  copying file ./Payload/Cargo Tracker.app/www/build/6.js.map ... 
2019-03-28 16:18:19 +0000  2680 bytes for ./Payload/Cargo Tracker.app/www/build/6.js.map
copying file ./Payload/Cargo Tracker.app/www/build/12.js ... 
2019-03-28 16:18:19 +0000  8801 bytes for ./Payload/Cargo Tracker.app/www/build/12.js
2019-03-28 16:18:19 +0000  copying file ./Payload/Cargo Tracker.app/www/build/8.js.map ... 
1661 bytes for ./Payload/Cargo Tracker.app/www/build/8.js.map
copying file ./Payload/Cargo Tracker.app/www/build/4.js.map ... 
2019-03-28 16:18:19 +0000  3601 bytes for ./Payload/Cargo Tracker.app/www/build/4.js.map
2019-03-28 16:18:19 +0000  copying file ./Payload/Cargo Tracker.app/www/build/11.js.map ... 
2019-03-28 16:18:19 +0000  1859 bytes for ./Payload/Cargo Tracker.app/www/build/11.js.map
copying file ./Payload/Cargo Tracker.app/www/build/0.js.map ... 
2019-03-28 16:18:19 +0000  1268764 bytes for ./Payload/Cargo Tracker.app/www/build/0.js.map
2019-03-28 16:18:19 +0000  copying file ./Payload/Cargo Tracker.app/www/build/4.js ... 
2019-03-28 16:18:19 +0000  7054 bytes for ./Payload/Cargo Tracker.app/www/build/4.js
copying file ./Payload/Cargo Tracker.app/www/build/0.js ... 
2019-03-28 16:18:19 +0000  1007407 bytes for ./Payload/Cargo Tracker.app/www/build/0.js
2019-03-28 16:18:19 +0000  copying file ./Payload/Cargo Tracker.app/www/build/1.js ... 
2019-03-28 16:18:19 +0000  4893 bytes for ./Payload/Cargo Tracker.app/www/build/1.js
copying file ./Payload/Cargo Tracker.app/www/build/sw-toolbox.js ... 
2019-03-28 16:18:19 +0000  15793 bytes for ./Payload/Cargo Tracker.app/www/build/sw-toolbox.js
2019-03-28 16:18:19 +0000  copying file ./Payload/Cargo Tracker.app/www/build/2.js.map ... 
2019-03-28 16:18:19 +0000  4490 bytes for ./Payload/Cargo Tracker.app/www/build/2.js.map
copying file ./Payload/Cargo Tracker.app/www/build/vendor.js.map ... 
2019-03-28 16:18:19 +0000  5738283 bytes for ./Payload/Cargo Tracker.app/www/build/vendor.js.map
2019-03-28 16:18:19 +0000  copying file ./Payload/Cargo Tracker.app/www/build/5.js ... 
2019-03-28 16:18:19 +0000  8368 bytes for ./Payload/Cargo Tracker.app/www/build/5.js
2019-03-28 16:18:19 +0000  copying file ./Payload/Cargo Tracker.app/www/assets/imgs/logo.png ... 
2019-03-28 16:18:19 +0000  39757 bytes for ./Payload/Cargo Tracker.app/www/assets/imgs/logo.png
2019-03-28 16:18:19 +0000  copying file ./Payload/Cargo Tracker.app/www/assets/img/queen-live.png ... 
2019-03-28 16:18:19 +0000  132129 bytes for ./Payload/Cargo Tracker.app/www/assets/img/queen-live.png
2019-03-28 16:18:19 +0000  copying file ./Payload/Cargo Tracker.app/www/assets/img/speakers/duck.jpg ... 
2019-03-28 16:18:19 +0000  48409 bytes for ./Payload/Cargo Tracker.app/www/assets/img/speakers/duck.jpg
copying file ./Payload/Cargo Tracker.app/www/assets/img/speakers/rabbit.jpg ... 
2019-03-28 16:18:19 +0000  53466 bytes for ./Payload/Cargo Tracker.app/www/assets/img/speakers/rabbit.jpg
copying file ./Payload/Cargo Tracker.app/www/assets/img/speakers/kitten.jpg ... 
2019-03-28 16:18:19 +0000  77160 bytes for ./Payload/Cargo Tracker.app/www/assets/img/speakers/kitten.jpg
copying file ./Payload/Cargo Tracker.app/www/assets/img/speakers/turtle.jpg ... 
2019-03-28 16:18:19 +0000  40778 bytes for ./Payload/Cargo Tracker.app/www/assets/img/speakers/turtle.jpg
copying file ./Payload/Cargo Tracker.app/www/assets/img/speakers/elephant.jpg ... 
2019-03-28 16:18:19 +0000  82286 bytes for ./Payload/Cargo Tracker.app/www/assets/img/speakers/elephant.jpg
2019-03-28 16:18:19 +0000  copying file ./Payload/Cargo Tracker.app/www/assets/img/speakers/lion.jpg ... 
2019-03-28 16:18:19 +0000  110396 bytes for ./Payload/Cargo Tracker.app/www/assets/img/speakers/lion.jpg
copying file ./Payload/Cargo Tracker.app/www/assets/img/speakers/eagle.jpg ... 
2019-03-28 16:18:19 +0000  41352 bytes for ./Payload/Cargo Tracker.app/www/assets/img/speakers/eagle.jpg
2019-03-28 16:18:19 +0000  copying file ./Payload/Cargo Tracker.app/www/assets/img/speakers/cheetah.jpg ... 
2019-03-28 16:18:19 +0000  103794 bytes for ./Payload/Cargo Tracker.app/www/assets/img/speakers/cheetah.jpg
copying file ./Payload/Cargo Tracker.app/www/assets/img/speakers/mouse.jpg ... 
2019-03-28 16:18:19 +0000  58442 bytes for ./Payload/Cargo Tracker.app/www/assets/img/speakers/mouse.jpg
2019-03-28 16:18:19 +0000  copying file ./Payload/Cargo Tracker.app/www/assets/img/speakers/giraffe.jpg ... 
2019-03-28 16:18:19 +0000  82258 bytes for ./Payload/Cargo Tracker.app/www/assets/img/speakers/giraffe.jpg
copying file ./Payload/Cargo Tracker.app/www/assets/img/speakers/iguana.jpg ... 
2019-03-28 16:18:19 +0000  62343 bytes for ./Payload/Cargo Tracker.app/www/assets/img/speakers/iguana.jpg
copying file ./Payload/Cargo Tracker.app/www/assets/img/speakers/puppy.jpg ... 
2019-03-28 16:18:19 +0000  53087 bytes for ./Payload/Cargo Tracker.app/www/assets/img/speakers/puppy.jpg
copying file ./Payload/Cargo Tracker.app/www/assets/img/speakers/bear.jpg ... 
2019-03-28 16:18:19 +0000  78535 bytes for ./Payload/Cargo Tracker.app/www/assets/img/speakers/bear.jpg
2019-03-28 16:18:19 +0000  copying file ./Payload/Cargo Tracker.app/www/assets/img/sarah-avatar.png.jpeg ... 
2019-03-28 16:18:19 +0000  5192 bytes for ./Payload/Cargo Tracker.app/www/assets/img/sarah-avatar.png.jpeg
copying file ./Payload/Cargo Tracker.app/www/assets/img/advance-card-tmntr.jpg ... 
2019-03-28 16:18:19 +0000  52832 bytes for ./Payload/Cargo Tracker.app/www/assets/img/advance-card-tmntr.jpg
copying file ./Payload/Cargo Tracker.app/www/assets/img/nin-live.png ... 
2019-03-28 16:18:19 +0000  79049 bytes for ./Payload/Cargo Tracker.app/www/assets/img/nin-live.png
2019-03-28 16:18:19 +0000  copying file ./Payload/Cargo Tracker.app/www/assets/img/bjork-live.jpg ... 
2019-03-28 16:18:19 +0000  44231 bytes for ./Payload/Cargo Tracker.app/www/assets/img/bjork-live.jpg
2019-03-28 16:18:19 +0000  copying file ./Payload/Cargo Tracker.app/www/assets/img/ian-avatar.png ... 
2019-03-28 16:18:19 +0000  5840 bytes for ./Payload/Cargo Tracker.app/www/assets/img/ian-avatar.png
2019-03-28 16:18:19 +0000  copying file ./Payload/Cargo Tracker.app/www/assets/img/appicon.png ... 
2019-03-28 16:18:19 +0000  13421 bytes for ./Payload/Cargo Tracker.app/www/assets/img/appicon.png
2019-03-28 16:18:19 +0000  copying file ./Payload/Cargo Tracker.app/www/assets/img/rundmc-live.png ... 
2019-03-28 16:18:19 +0000  63053 bytes for ./Payload/Cargo Tracker.app/www/assets/img/rundmc-live.png
copying file ./Payload/Cargo Tracker.app/www/assets/img/ica-slidebox-img-4.png ... 
2019-03-28 16:18:19 +0000  8772 bytes for ./Payload/Cargo Tracker.app/www/assets/img/ica-slidebox-img-4.png
copying file ./Payload/Cargo Tracker.app/www/assets/img/splashbg.png ... 
2019-03-28 16:18:19 +0000  68898 bytes for ./Payload/Cargo Tracker.app/www/assets/img/splashbg.png
copying file ./Payload/Cargo Tracker.app/www/assets/img/ica-slidebox-img-2.png ... 
2019-03-28 16:18:19 +0000  8179 bytes for ./Payload/Cargo Tracker.app/www/assets/img/ica-slidebox-img-2.png
copying file ./Payload/Cargo Tracker.app/www/assets/img/marty-avatar.png ... 
2019-03-28 16:18:19 +0000  5765 bytes for ./Payload/Cargo Tracker.app/www/assets/img/marty-avatar.png
2019-03-28 16:18:19 +0000  copying file ./Payload/Cargo Tracker.app/www/assets/img/advance-card-jp.jpg ... 
2019-03-28 16:18:19 +0000  119115 bytes for ./Payload/Cargo Tracker.app/www/assets/img/advance-card-jp.jpg
copying file ./Payload/Cargo Tracker.app/www/assets/img/badu-live.png ... 
2019-03-28 16:18:19 +0000  66612 bytes for ./Payload/Cargo Tracker.app/www/assets/img/badu-live.png
copying file ./Payload/Cargo Tracker.app/www/assets/img/ica-slidebox-img-3.png ... 
2019-03-28 16:18:19 +0000  9088 bytes for ./Payload/Cargo Tracker.app/www/assets/img/ica-slidebox-img-3.png
copying file ./Payload/Cargo Tracker.app/www/assets/img/ica-slidebox-img-1.png ... 
2019-03-28 16:18:19 +0000  11333 bytes for ./Payload/Cargo Tracker.app/www/assets/img/ica-slidebox-img-1.png
2019-03-28 16:18:19 +0000  copying file ./Payload/Cargo Tracker.app/www/assets/img/advance-card-bttf.png ... 
2019-03-28 16:18:19 +0000  133487 bytes for ./Payload/Cargo Tracker.app/www/assets/img/advance-card-bttf.png
2019-03-28 16:18:19 +0000  copying file ./Payload/Cargo Tracker.app/www/assets/icon/favicon.ico ... 
2019-03-28 16:18:19 +0000  1981 bytes for ./Payload/Cargo Tracker.app/www/assets/icon/favicon.ico
copying file ./Payload/Cargo Tracker.app/www/assets/i18n/ua.json ... 
2019-03-28 16:18:19 +0000  2532 bytes for ./Payload/Cargo Tracker.app/www/assets/i18n/ua.json
copying file ./Payload/Cargo Tracker.app/www/assets/i18n/tr.json ... 
2019-03-28 16:18:19 +0000  1661 bytes for ./Payload/Cargo Tracker.app/www/assets/i18n/tr.json
2019-03-28 16:18:19 +0000  copying file ./Payload/Cargo Tracker.app/www/assets/i18n/sl.json ... 
2019-03-28 16:18:19 +0000  1718 bytes for ./Payload/Cargo Tracker.app/www/assets/i18n/sl.json
copying file ./Payload/Cargo Tracker.app/www/assets/i18n/es-eu.json ... 
2019-03-28 16:18:19 +0000  1581 bytes for ./Payload/Cargo Tracker.app/www/assets/i18n/es-eu.json
copying file ./Payload/Cargo Tracker.app/www/assets/i18n/nl.json ... 
2019-03-28 16:18:19 +0000  1729 bytes for ./Payload/Cargo Tracker.app/www/assets/i18n/nl.json
copying file ./Payload/Cargo Tracker.app/www/assets/i18n/zh-cmn-Hant.json ... 
2019-03-28 16:18:19 +0000  2085 bytes for ./Payload/Cargo Tracker.app/www/assets/i18n/zh-cmn-Hant.json
2019-03-28 16:18:19 +0000  copying file ./Payload/Cargo Tracker.app/www/assets/i18n/ja.json ... 
2019-03-28 16:18:19 +0000  2670 bytes for ./Payload/Cargo Tracker.app/www/assets/i18n/ja.json
copying file ./Payload/Cargo Tracker.app/www/assets/i18n/de.json ... 
2019-03-28 16:18:19 +0000  1928 bytes for ./Payload/Cargo Tracker.app/www/assets/i18n/de.json
2019-03-28 16:18:19 +0000  copying file ./Payload/Cargo Tracker.app/www/assets/i18n/ru.json ... 
2019-03-28 16:18:19 +0000  2498 bytes for ./Payload/Cargo Tracker.app/www/assets/i18n/ru.json
copying file ./Payload/Cargo Tracker.app/www/assets/i18n/pl.json ... 
2019-03-28 16:18:19 +0000  1790 bytes for ./Payload/Cargo Tracker.app/www/assets/i18n/pl.json
copying file ./Payload/Cargo Tracker.app/www/assets/i18n/zh-cmn-Hans.json ... 
2019-03-28 16:18:19 +0000  2085 bytes for ./Payload/Cargo Tracker.app/www/assets/i18n/zh-cmn-Hans.json
2019-03-28 16:18:19 +0000  copying file ./Payload/Cargo Tracker.app/www/assets/i18n/fil.json ... 
2019-03-28 16:18:19 +0000  1633 bytes for ./Payload/Cargo Tracker.app/www/assets/i18n/fil.json
copying file ./Payload/Cargo Tracker.app/www/assets/i18n/sk.json ... 
2019-03-28 16:18:19 +0000  2266 bytes for ./Payload/Cargo Tracker.app/www/assets/i18n/sk.json
copying file ./Payload/Cargo Tracker.app/www/assets/i18n/en.json ... 
2019-03-28 16:18:19 +0000  2156 bytes for ./Payload/Cargo Tracker.app/www/assets/i18n/en.json
2019-03-28 16:18:19 +0000  copying file ./Payload/Cargo Tracker.app/www/assets/i18n/pt-PT.json ... 
2019-03-28 16:18:19 +0000  1666 bytes for ./Payload/Cargo Tracker.app/www/assets/i18n/pt-PT.json
copying file ./Payload/Cargo Tracker.app/www/assets/i18n/it.json ... 
2019-03-28 16:18:19 +0000  2385 bytes for ./Payload/Cargo Tracker.app/www/assets/i18n/it.json
copying file ./Payload/Cargo Tracker.app/www/assets/i18n/bs.json ... 
2019-03-28 16:18:19 +0000  1743 bytes for ./Payload/Cargo Tracker.app/www/assets/i18n/bs.json
2019-03-28 16:18:19 +0000  copying file ./Payload/Cargo Tracker.app/www/assets/i18n/fr.json ... 
2019-03-28 16:18:19 +0000  1799 bytes for ./Payload/Cargo Tracker.app/www/assets/i18n/fr.json
copying file ./Payload/Cargo Tracker.app/www/assets/i18n/el.json ... 
2019-03-28 16:18:19 +0000  2678 bytes for ./Payload/Cargo Tracker.app/www/assets/i18n/el.json
copying file ./Payload/Cargo Tracker.app/www/assets/i18n/pt-br.json ... 
2019-03-28 16:18:19 +0000  2249 bytes for ./Payload/Cargo Tracker.app/www/assets/i18n/pt-br.json
2019-03-28 16:18:19 +0000  copying file ./Payload/Cargo Tracker.app/www/assets/i18n/he.json ... 
2019-03-28 16:18:19 +0000  1843 bytes for ./Payload/Cargo Tracker.app/www/assets/i18n/he.json
copying file ./Payload/Cargo Tracker.app/www/assets/i18n/sn.json ... 
2019-03-28 16:18:19 +0000  2332 bytes for ./Payload/Cargo Tracker.app/www/assets/i18n/sn.json
copying file ./Payload/Cargo Tracker.app/www/assets/i18n/nb_NO.json ... 
2019-03-28 16:18:19 +0000  1633 bytes for ./Payload/Cargo Tracker.app/www/assets/i18n/nb_NO.json
2019-03-28 16:18:19 +0000  copying file ./Payload/Cargo Tracker.app/www/assets/i18n/by.json ... 
2019-03-28 16:18:19 +0000  2422 bytes for ./Payload/Cargo Tracker.app/www/assets/i18n/by.json
copying file ./Payload/Cargo Tracker.app/www/assets/i18n/da.json ... 
2019-03-28 16:18:19 +0000  1664 bytes for ./Payload/Cargo Tracker.app/www/assets/i18n/da.json
copying file ./Payload/Cargo Tracker.app/www/assets/i18n/th.json ... 
2019-03-28 16:18:19 +0000  2720 bytes for ./Payload/Cargo Tracker.app/www/assets/i18n/th.json
2019-03-28 16:18:19 +0000  copying file ./Payload/Cargo Tracker.app/www/assets/i18n/sv.json ... 
2019-03-28 16:18:19 +0000  1718 bytes for ./Payload/Cargo Tracker.app/www/assets/i18n/sv.json
copying file ./Payload/Cargo Tracker.app/www/assets/i18n/es.json ... 
2019-03-28 16:18:19 +0000  1757 bytes for ./Payload/Cargo Tracker.app/www/assets/i18n/es.json
copying file ./Payload/Cargo Tracker.app/www/assets/i18n/ar.json ... 
2019-03-28 16:18:19 +0000  2949 bytes for ./Payload/Cargo Tracker.app/www/assets/i18n/ar.json
2019-03-28 16:18:19 +0000  copying file ./Payload/Cargo Tracker.app/www/assets/fonts/roboto-medium.ttf ... 
2019-03-28 16:18:19 +0000  19752 bytes for ./Payload/Cargo Tracker.app/www/assets/fonts/roboto-medium.ttf
copying file ./Payload/Cargo Tracker.app/www/assets/fonts/roboto-light.woff2 ... 
2019-03-28 16:18:19 +0000  10220 bytes for ./Payload/Cargo Tracker.app/www/assets/fonts/roboto-light.woff2
2019-03-28 16:18:19 +0000  copying file ./Payload/Cargo Tracker.app/www/assets/fonts/roboto-light.ttf ... 
2019-03-28 16:18:19 +0000  19908 bytes for ./Payload/Cargo Tracker.app/www/assets/fonts/roboto-light.ttf
copying file ./Payload/Cargo Tracker.app/www/assets/fonts/roboto-regular.woff2 ... 
2019-03-28 16:18:19 +0000  10196 bytes for ./Payload/Cargo Tracker.app/www/assets/fonts/roboto-regular.woff2
2019-03-28 16:18:19 +0000  copying file ./Payload/Cargo Tracker.app/www/assets/fonts/roboto-regular.woff ... 
2019-03-28 16:18:19 +0000  13308 bytes for ./Payload/Cargo Tracker.app/www/assets/fonts/roboto-regular.woff
2019-03-28 16:18:19 +0000  copying file ./Payload/Cargo Tracker.app/www/assets/fonts/noto-sans-bold.ttf ... 
2019-03-28 16:18:19 +0000  415132 bytes for ./Payload/Cargo Tracker.app/www/assets/fonts/noto-sans-bold.ttf
2019-03-28 16:18:19 +0000  copying file ./Payload/Cargo Tracker.app/www/assets/fonts/ionicons.eot ... 
2019-03-28 16:18:19 +0000  144114 bytes for ./Payload/Cargo Tracker.app/www/assets/fonts/ionicons.eot
copying file ./Payload/Cargo Tracker.app/www/assets/fonts/noto-sans-bold.woff ... 
2019-03-28 16:18:19 +0000  211888 bytes for ./Payload/Cargo Tracker.app/www/assets/fonts/noto-sans-bold.woff
copying file ./Payload/Cargo Tracker.app/www/assets/fonts/roboto-light.woff ... 
2019-03-28 16:18:19 +0000  13360 bytes for ./Payload/Cargo Tracker.app/www/assets/fonts/roboto-light.woff
copying file ./Payload/Cargo Tracker.app/www/assets/fonts/roboto-medium.woff2 ... 
2019-03-28 16:18:19 +0000  10192 bytes for ./Payload/Cargo Tracker.app/www/assets/fonts/roboto-medium.woff2
2019-03-28 16:18:19 +0000  copying file ./Payload/Cargo Tracker.app/www/assets/fonts/ionicons.woff ... 
2019-03-28 16:18:19 +0000  80356 bytes for ./Payload/Cargo Tracker.app/www/assets/fonts/ionicons.woff
copying file ./Payload/Cargo Tracker.app/www/assets/fonts/roboto-regular.ttf ... 
2019-03-28 16:18:19 +0000  19876 bytes for ./Payload/Cargo Tracker.app/www/assets/fonts/roboto-regular.ttf
copying file ./Payload/Cargo Tracker.app/www/assets/fonts/ionicons.ttf ... 
2019-03-28 16:18:19 +0000  143936 bytes for ./Payload/Cargo Tracker.app/www/assets/fonts/ionicons.ttf
copying file ./Payload/Cargo Tracker.app/www/assets/fonts/roboto-bold.woff2 ... 
2019-03-28 16:18:19 +0000  10212 bytes for ./Payload/Cargo Tracker.app/www/assets/fonts/roboto-bold.woff2
copying file ./Payload/Cargo Tracker.app/www/assets/fonts/noto-sans.scss ... 
2019-03-28 16:18:19 +0000  1282 bytes for ./Payload/Cargo Tracker.app/www/assets/fonts/noto-sans.scss
copying file ./Payload/Cargo Tracker.app/www/assets/fonts/roboto.scss ... 
2019-03-28 16:18:19 +0000  1458 bytes for ./Payload/Cargo Tracker.app/www/assets/fonts/roboto.scss
copying file ./Payload/Cargo Tracker.app/www/assets/fonts/noto-sans-regular.woff ... 
2019-03-28 16:18:19 +0000  212780 bytes for ./Payload/Cargo Tracker.app/www/assets/fonts/noto-sans-regular.woff
copying file ./Payload/Cargo Tracker.app/www/assets/fonts/roboto-medium.woff ... 
2019-03-28 16:18:19 +0000  13248 bytes for ./Payload/Cargo Tracker.app/www/assets/fonts/roboto-medium.woff
2019-03-28 16:18:19 +0000  copying file ./Payload/Cargo Tracker.app/www/assets/fonts/roboto-bold.woff ... 
2019-03-28 16:18:19 +0000  13348 bytes for ./Payload/Cargo Tracker.app/www/assets/fonts/roboto-bold.woff
2019-03-28 16:18:19 +0000  copying file ./Payload/Cargo Tracker.app/www/assets/fonts/noto-sans-regular.ttf ... 
2019-03-28 16:18:19 +0000  414820 bytes for ./Payload/Cargo Tracker.app/www/assets/fonts/noto-sans-regular.ttf
copying file ./Payload/Cargo Tracker.app/www/assets/fonts/ionicons.svg ... 
2019-03-28 16:18:19 +0000  400219 bytes for ./Payload/Cargo Tracker.app/www/assets/fonts/ionicons.svg
copying file ./Payload/Cargo Tracker.app/www/assets/fonts/roboto-bold.ttf ... 
2019-03-28 16:18:19 +0000  20040 bytes for ./Payload/Cargo Tracker.app/www/assets/fonts/roboto-bold.ttf
copying file ./Payload/Cargo Tracker.app/www/assets/fonts/ionicons.woff2 ... 
2019-03-28 16:18:19 +0000  61020 bytes for ./Payload/Cargo Tracker.app/www/assets/fonts/ionicons.woff2
copying file ./Payload/Cargo Tracker.app/www/assets/fonts/ionicons.scss ... 
2019-03-28 16:18:19 +0000  1152 bytes for ./Payload/Cargo Tracker.app/www/assets/fonts/ionicons.scss
copying file ./Payload/Cargo Tracker.app/www/wk-plugin.js ... 
2019-03-28 16:18:19 +0000  1388 bytes for ./Payload/Cargo Tracker.app/www/wk-plugin.js
2019-03-28 16:18:19 +0000  copying file ./Payload/Cargo Tracker.app/Assets.car ... 
2019-03-28 16:18:19 +0000  345832 bytes for ./Payload/Cargo Tracker.app/Assets.car
copying file ./Payload/Cargo Tracker.app/AppIcon76x76@2x~ipad.png ... 
2019-03-28 16:18:19 +0000  12482 bytes for ./Payload/Cargo Tracker.app/AppIcon76x76@2x~ipad.png
copying file ./Payload/Cargo Tracker.app/LaunchImage-800-Portrait-736h@3x.png ... 
2019-03-28 16:18:19 +0000  132452 bytes for ./Payload/Cargo Tracker.app/LaunchImage-800-Portrait-736h@3x.png
2019-03-28 16:18:19 +0000  copying file ./Payload/Cargo Tracker.app/CDVLaunchScreen.storyboardc/01J-lp-oVM-view-Ze5-6b-2t3.nib ... 
2019-03-28 16:18:19 +0000  2287 bytes for ./Payload/Cargo Tracker.app/CDVLaunchScreen.storyboardc/01J-lp-oVM-view-Ze5-6b-2t3.nib
copying file ./Payload/Cargo Tracker.app/CDVLaunchScreen.storyboardc/UIViewController-01J-lp-oVM.nib ... 
2019-03-28 16:18:19 +0000  832 bytes for ./Payload/Cargo Tracker.app/CDVLaunchScreen.storyboardc/UIViewController-01J-lp-oVM.nib
copying file ./Payload/Cargo Tracker.app/CDVLaunchScreen.storyboardc/Info.plist ... 
2019-03-28 16:18:19 +0000  258 bytes for ./Payload/Cargo Tracker.app/CDVLaunchScreen.storyboardc/Info.plist
copying file ./Payload/Cargo Tracker.app/LaunchImage-700@2x.png ... 
2019-03-28 16:18:19 +0000  24177 bytes for ./Payload/Cargo Tracker.app/LaunchImage-700@2x.png
copying file ./Payload/Cargo Tracker.app/LaunchImage-700-568h@2x.png ... 
2019-03-28 16:18:19 +0000  41186 bytes for ./Payload/Cargo Tracker.app/LaunchImage-700-568h@2x.png
copying file ./Payload/Cargo Tracker.app/Cargo Tracker ... 
2019-03-28 16:18:19 +0000  715872 bytes for ./Payload/Cargo Tracker.app/Cargo Tracker
copying file ./Payload/Cargo Tracker.app/LaunchImage.png ... 
2019-03-28 16:18:19 +0000  9717 bytes for ./Payload/Cargo Tracker.app/LaunchImage.png
copying file ./Payload/Cargo Tracker.app/LaunchImage-800-Landscape-736h@3x.png ... 
2019-03-28 16:18:19 +0000  125079 bytes for ./Payload/Cargo Tracker.app/LaunchImage-800-Landscape-736h@3x.png
copying file ./Payload/Cargo Tracker.app/Info.plist ... 
2019-03-28 16:18:19 +0000  2020 bytes for ./Payload/Cargo Tracker.app/Info.plist
copying file ./Payload/Cargo Tracker.app/PkgInfo ... 
2019-03-28 16:18:19 +0000  8 bytes for ./Payload/Cargo Tracker.app/PkgInfo
2019-03-28 16:18:19 +0000  /usr/bin/ditto exited with 0
2019-03-28 16:18:19 +0000  Processing step: IDEDistributionAppStoreInformationStep
2019-03-28 16:18:19 +0000  Skipping step: IDEDistributionAppStoreInformationStep because it said so
2019-03-28 16:18:19 +0000  Processing step: IDEDistributionCreateManifestStep
